<?xml version="1.0" encoding="UTF-8"?>
<!-- Generated by org.testng.reporters.JUnitReportReporter -->
<testsuite skipped="0" hostname="BWYMOMINULI" name="automationFramework.TestNG_Framework" tests="1" failures="0" timestamp="09 Nov 2018 16:03:11 GMT" time="6.834" errors="0">
  <testcase name="main" time="6.834" classname="automationFramework.TestNG_Framework"/>
</testsuite> <!-- automationFramework.TestNG_Framework -->
