<?xml version="1.0" encoding="UTF-8"?>
<!-- Generated by org.testng.reporters.JUnitReportReporter -->
<testsuite skipped="0" hostname="BWYMOMINULI" name="automationFramework.UDF_TC" tests="1" failures="0" timestamp="09 Nov 2018 17:02:28 GMT" time="6.631" errors="0">
  <testcase name="main" time="6.631" classname="automationFramework.UDF_TC"/>
</testsuite> <!-- automationFramework.UDF_TC -->
